Arguments: 
  F:\ProgamFiles\nodejs\node.exe C:\Users\mariy\AppData\Roaming\npm\node_modules\yarn\bin\yarn.js add @openzeppelin/contacts

PATH: 
  F:\ProgamFiles\Python39\Scripts\;F:\ProgamFiles\Python39\;C:\WINDOWS\system32;C:\WINDOWS;C:\WINDOWS\System32\Wbem;C:\WINDOWS\System32\WindowsPowerShell\v1.0\;C:\WINDOWS\System32\OpenSSH\;F:\ProgamFiles\Git\cmd;F:\ProgamFiles\Putty\;C:\Program Files\dotnet\;%NVM_HOME%;%NVM_SYMLINK%;F:\ProgamFiles\go\bin;C:\Users\mariy\AppData\Local\Microsoft\WindowsApps;F:\ProgamFiles\Microsoft VS Code\bin;C:\Users\mariy\AppData\Roaming\npm;F:\ProgamFiles\Git\bin;C:\Users\mariy\.dotnet\tools;c:\Program Files\dotnet\;F:\ProgamFiles\nvm;F:\ProgamFiles\nodejs;C:\Users\mariy\go\bin

Yarn version: 
  1.22.18

Node version: 
  16.14.2

Platform: 
  win32 x64

Trace: 
  Error: https://registry.yarnpkg.com/@openzeppelin%2fcontacts: Not found
      at Request.params.callback [as _callback] (C:\Users\mariy\AppData\Roaming\npm\node_modules\yarn\lib\cli.js:66138:18)
      at Request.self.callback (C:\Users\mariy\AppData\Roaming\npm\node_modules\yarn\lib\cli.js:140883:22)
      at Request.emit (node:events:526:28)
      at Request.<anonymous> (C:\Users\mariy\AppData\Roaming\npm\node_modules\yarn\lib\cli.js:141855:10)
      at Request.emit (node:events:526:28)
      at IncomingMessage.<anonymous> (C:\Users\mariy\AppData\Roaming\npm\node_modules\yarn\lib\cli.js:141777:12)
      at Object.onceWrapper (node:events:645:28)
      at IncomingMessage.emit (node:events:538:35)
      at endReadableNT (node:internal/streams/readable:1345:12)
      at processTicksAndRejections (node:internal/process/task_queues:83:21)

npm manifest: 
  {
    "name": "hardhat-project",
    "devDependencies": {
      "@nomiclabs/hardhat-ethers": "^2.0.6",
      "@nomiclabs/hardhat-waffle": "^2.0.3",
      "@openzeppelin/hardhat-upgrades": "^1.17.0",
      "chai": "^4.3.6",
      "ethereum-waffle": "^3.4.4",
      "ethers": "^5.6.8",
      "hardhat": "^2.9.6"
    },
    "dependencies": {
      "dotenv": "^16.0.1"
    }
  }

yarn manifest: 
  No manifest

Lockfile: 
  No lockfile
